<?xml version="1.0" encoding="UTF-8"?>
<!-- Generated by org.testng.reporters.JUnitXMLReporter -->
<testsuite ignored="0" hostname="HbpSoft" failures="0" tests="9" name="Default test" time="48.85" errors="0" timestamp="2024-03-05T09:27:15 IST">
  <testcase classname="com.test.Code4humanity.Sanity_Code4humanity" name="Launch" time="1.813"/>
  <testcase classname="com.test.Code4humanity.Sanity_Code4humanity" name="Home" time="0.016"/>
  <testcase classname="com.test.Code4humanity.Sanity_Code4humanity" name="Login" time="15.15"/>
  <testcase classname="com.test.Code4humanity.Sanity_Code4humanity" name="Team" time="5.139"/>
  <testcase classname="com.test.Code4humanity.Sanity_Code4humanity" name="Dataset" time="5.159"/>
  <testcase classname="com.test.Code4humanity.Sanity_Code4humanity" name="Models" time="5.127"/>
  <testcase classname="com.test.Code4humanity.Sanity_Code4humanity" name="Code" time="5.142"/>
  <testcase classname="com.test.Code4humanity.Sanity_Code4humanity" name="Jobs" time="5.121"/>
  <testcase classname="com.test.Code4humanity.Sanity_Code4humanity" name="competition" time="5.198"/>
</testsuite> <!-- Default test -->
