<?xml version="1.0" encoding="UTF-8"?>
<testng-results ignored="0" total="9" passed="9" failed="0" skipped="0">
  <reporter-output>
  </reporter-output>
  <suite started-at="2024-03-05T09:26:26 IST" name="Default suite" finished-at="2024-03-05T09:27:15 IST" duration-ms="48850">
    <groups>
    </groups>
    <test started-at="2024-03-05T09:26:26 IST" name="Default test" finished-at="2024-03-05T09:27:15 IST" duration-ms="48850">
      <class name="com.test.Code4humanity.Sanity_Code4humanity">
        <test-method is-config="true" signature="setup()[pri:0, instance:com.test.Code4humanity.Sanity_Code4humanity@21282ed8]" started-at="2024-03-05T09:26:26 IST" name="setup" finished-at="2024-03-05T09:26:27 IST" duration-ms="758" status="PASS">
          <reporter-output>
          </reporter-output>
        </test-method> <!-- setup -->
        <test-method signature="Launch()[pri:1, instance:com.test.Code4humanity.Sanity_Code4humanity@21282ed8]" started-at="2024-03-05T09:26:27 IST" name="Launch" finished-at="2024-03-05T09:26:29 IST" duration-ms="1813" status="PASS">
          <reporter-output>
          </reporter-output>
        </test-method> <!-- Launch -->
        <test-method signature="Home()[pri:2, instance:com.test.Code4humanity.Sanity_Code4humanity@21282ed8]" started-at="2024-03-05T09:26:29 IST" name="Home" finished-at="2024-03-05T09:26:29 IST" duration-ms="16" status="PASS">
          <reporter-output>
          </reporter-output>
        </test-method> <!-- Home -->
        <test-method signature="Login()[pri:3, instance:com.test.Code4humanity.Sanity_Code4humanity@21282ed8]" started-at="2024-03-05T09:26:29 IST" name="Login" finished-at="2024-03-05T09:26:44 IST" duration-ms="15150" status="PASS">
          <reporter-output>
          </reporter-output>
        </test-method> <!-- Login -->
        <test-method signature="Team()[pri:4, instance:com.test.Code4humanity.Sanity_Code4humanity@21282ed8]" started-at="2024-03-05T09:26:44 IST" name="Team" finished-at="2024-03-05T09:26:49 IST" duration-ms="5139" status="PASS">
          <reporter-output>
          </reporter-output>
        </test-method> <!-- Team -->
        <test-method signature="Dataset()[pri:5, instance:com.test.Code4humanity.Sanity_Code4humanity@21282ed8]" started-at="2024-03-05T09:26:49 IST" name="Dataset" finished-at="2024-03-05T09:26:54 IST" duration-ms="5159" status="PASS">
          <reporter-output>
          </reporter-output>
        </test-method> <!-- Dataset -->
        <test-method signature="Models()[pri:6, instance:com.test.Code4humanity.Sanity_Code4humanity@21282ed8]" started-at="2024-03-05T09:26:54 IST" name="Models" finished-at="2024-03-05T09:26:59 IST" duration-ms="5127" status="PASS">
          <reporter-output>
          </reporter-output>
        </test-method> <!-- Models -->
        <test-method signature="Code()[pri:7, instance:com.test.Code4humanity.Sanity_Code4humanity@21282ed8]" started-at="2024-03-05T09:26:59 IST" name="Code" finished-at="2024-03-05T09:27:04 IST" duration-ms="5142" status="PASS">
          <reporter-output>
          </reporter-output>
        </test-method> <!-- Code -->
        <test-method signature="Jobs()[pri:8, instance:com.test.Code4humanity.Sanity_Code4humanity@21282ed8]" started-at="2024-03-05T09:27:04 IST" name="Jobs" finished-at="2024-03-05T09:27:10 IST" duration-ms="5121" status="PASS">
          <reporter-output>
          </reporter-output>
        </test-method> <!-- Jobs -->
        <test-method signature="competition()[pri:9, instance:com.test.Code4humanity.Sanity_Code4humanity@21282ed8]" started-at="2024-03-05T09:27:10 IST" name="competition" finished-at="2024-03-05T09:27:15 IST" duration-ms="5198" status="PASS">
          <reporter-output>
          </reporter-output>
        </test-method> <!-- competition -->
        <test-method is-config="true" signature="close()[pri:0, instance:com.test.Code4humanity.Sanity_Code4humanity@21282ed8]" started-at="2024-03-05T09:27:15 IST" name="close" finished-at="2024-03-05T09:27:15 IST" duration-ms="115" status="PASS">
          <reporter-output>
          </reporter-output>
        </test-method> <!-- close -->
      </class> <!-- com.test.Code4humanity.Sanity_Code4humanity -->
    </test> <!-- Default test -->
  </suite> <!-- Default suite -->
</testng-results>
